\BOOKMARK [1][-]{figure.caption.1}{\376\377\000M\000i\000s\000e\000\040\000e\000n\000\040\000c\000o\000n\000t\000e\000x\000t\000e}{}% 1
\BOOKMARK [1][-]{section.1}{\376\377\000O\000b\000j\000e\000c\000t\000i\000f\000s}{}% 2
\BOOKMARK [1][-]{section.2}{\376\377\000P\000r\000o\000j\000e\000t\000\040\000S\000T\000M}{}% 3
\BOOKMARK [1][-]{section.3}{\376\377\000P\000r\000o\000g\000r\000a\000m\000m\000a\000t\000i\000o\000n\000\040\000a\000s\000y\000n\000c\000h\000r\000o\000n\000e}{}% 4
\BOOKMARK [2][-]{subsection.3.1}{\376\377\000U\000n\000e\000\040\000t\000\342\000c\000h\000e\000\040\000\050\000T\000A\000S\000K\000\051}{section.3}% 5
\BOOKMARK [2][-]{subsection.3.2}{\376\377\000L\000'\000o\000r\000d\000o\000n\000a\000n\000c\000e\000u\000r\000\040\000\050\000S\000C\000H\000E\000D\000U\000L\000E\000R\000\051}{section.3}% 6
\BOOKMARK [2][-]{subsection.3.3}{\376\377\000E\000x\000e\000m\000p\000l\000e\000\040\0001\000\040\000:\000\040\000O\000r\000d\000o\000n\000a\000n\000c\000e\000m\000e\000n\000t\000\040\000d\000e\000s\000\040\000t\000\342\000c\000h\000e\000s}{section.3}% 7
\BOOKMARK [2][-]{subsection.3.4}{\376\377\000I\000m\000p\000l\000\351\000m\000e\000n\000t\000a\000t\000i\000o\000n}{section.3}% 8
\BOOKMARK [2][-]{subsection.3.5}{\376\377\000E\000x\000e\000m\000p\000l\000e\000\040\0002\000\040\000:\000\040\000C\000r\000\351\000a\000t\000i\000o\000n\000\040\000e\000t\000\040\000l\000o\000g\000i\000q\000u\000e\000\040\000d\000'\000u\000n\000e\000\040\000t\000\342\000c\000h\000e\000s}{section.3}% 9
\BOOKMARK [1][-]{section.4}{\376\377\000C\000o\000m\000p\000o\000s\000a\000n\000t\000s\000\040\000e\000x\000t\000e\000r\000n\000e\000s}{}% 10
\BOOKMARK [2][-]{subsection.4.1}{\376\377\000V\000u\000e\000\040\000d\000'\000e\000n\000s\000e\000m\000b\000l\000e}{section.4}% 11
\BOOKMARK [2][-]{subsection.4.2}{\376\377\000C\000o\000m\000m\000u\000n\000i\000c\000a\000t\000i\000o\000n\000\040\000e\000n\000t\000r\000e\000\040\000c\000o\000m\000p\000o\000s\000a\000n\000t\000s}{section.4}% 12
\BOOKMARK [3][-]{subsubsection.4.2.1}{\376\377\000P\000r\000\351\000s\000e\000n\000t\000a\000t\000i\000o\000n\000\040\000d\000u\000\040\000c\000o\000n\000c\000e\000p\000t\000e}{subsection.4.2}% 13
\BOOKMARK [3][-]{subsubsection.4.2.2}{\376\377\000L\000e\000s\000\040\000t\000\342\000c\000h\000e\000s\000\040\000d\000e\000\040\000c\000o\000m\000m\000u\000n\000i\000c\000a\000t\000i\000o\000n\000s}{subsection.4.2}% 14
\BOOKMARK [2][-]{subsection.4.3}{\376\377\000M\000\351\000m\000o\000i\000r\000e\000\040\000F\000l\000a\000s\000h\000\040\000W\0002\0005\000Q\000\137\000X\000X\000X}{section.4}% 15
\BOOKMARK [3][-]{subsubsection.4.3.1}{\376\377\000D\000\351\000c\000l\000a\000r\000a\000t\000i\000o\000n\000\040\000d\000e\000s\000\040\000s\000t\000r\000u\000c\000t\000u\000r\000e\000s\000\040\000e\000t\000\040\000d\000e\000s\000\040\000f\000o\000n\000c\000t\000i\000o\000n\000s}{subsection.4.3}% 16
\BOOKMARK [3][-]{subsubsection.4.3.2}{\376\377\000E\000x\000e\000m\000p\000l\000e\000\040\000d\000'\000u\000t\000i\000l\000i\000s\000a\000t\000i\000o\000n}{subsection.4.3}% 17
\BOOKMARK [2][-]{subsection.4.4}{\376\377\000F\000l\000a\000s\000h\000\040\000S\000t\000r\000e\000a\000m}{section.4}% 18
\BOOKMARK [3][-]{subsubsection.4.4.1}{\376\377\000D\000\351\000c\000l\000a\000r\000a\000t\000i\000o\000n\000\040\000d\000e\000s\000\040\000s\000t\000r\000u\000c\000t\000u\000r\000e\000s\000\040\000e\000t\000\040\000d\000e\000s\000\040\000f\000o\000n\000c\000t\000i\000o\000n\000s}{subsection.4.4}% 19
\BOOKMARK [1][-]{appendix.A}{\376\377\000P\000r\000o\000j\000e\000t\000\040\000U\000n\000k\000n\000o\000w\000n}{}% 20
\BOOKMARK [2][-]{subsection.A.1}{\376\377\000R\000a\000p\000p\000o\000r\000t\000\040\000d\000u\000\040\000p\000r\000o\000j\000e\000t}{appendix.A}% 21
\BOOKMARK [2][-]{subsection.A.2}{\376\377\000P\000h\000o\000t\000o\000s\000\040\000d\000u\000\040\000p\000r\000o\000j\000e\000t\000\040\000U\000n\000k\000n\000o\000w\000n}{appendix.A}% 22
